snapit-android/app/build/outputs/mapping/release/seeds.txt
com.snapit.grocery.LauncherActivity
com.snapit.grocery.DelegationService
com.snapit.grocery.Application
com.snapit.grocery.LauncherActivity: LauncherActivity()
com.snapit.grocery.DelegationService: DelegationService()
com.snapit.grocery.Application: Application()
...
androidx.appcompat.widget.AppCompatTextHelper$Api28Impl: android.graphics.Typeface create(android.graphics.Typeface,int,boolean)
androidx.appcompat.widget.AppCompatImageView: void setBackgroundResource(int)
androidx.vectordrawable.graphics.drawable.VectorDrawableCompat$VFullPath: float getTrimPathOffset()
androidx.appcompat.widget.ContentFrameLayout: android.util.TypedValue getFixedWidthMajor()
com.google.android.gms.common.api.internal.LifecycleCallback: com.google.android.gms.common.api.internal.LifecycleFragment getChimeraLifecycleFragmentImpl(com.google.android.gms.common.api.internal.LifecycleActivity)
androidx.vectordrawable.graphics.drawable.VectorDrawableCompat$VGroup: float getPivotX()
androidx.appcompat.widget.Toolbar: java.lang.CharSequence getNavigationContentDescription()
androidx.core.view.accessibility.AccessibilityNodeInfoCompat$Api30Impl: java.lang.Object createRangeInfo(int,float,float,float)
androidx.fragment.app.FragmentContainerView: void setDrawDisappearingViewsLast(boolean)
androidx.appcompat.widget.AppCompatTextView: void setAutoSizeTextTypeWithDefaults(int)
androidx.core.view.accessibility.AccessibilityNodeInfoCompat$Api34Impl: void setBoundsInWindow(android.view.accessibility.AccessibilityNodeInfo,android.graphics.Rect)
androidx.core.view.DisplayCutoutCompat$Api28Impl: java.util.List getBoundingRects(android.view.DisplayCutout)
androidx.core.app.NotificationCompatBuilder$Api20Impl: android.app.Notification$Action$Builder addExtras(android.app.Notification$Action$Builder,android.os.Bundle)
androidx.appcompat.widget.Toolbar: void setContentInsetEndWithActions(int)
androidx.appcompat.widget.Toolbar: void setSubtitleTextColor(int)
androidx.appcompat.widget.ButtonBarLayout: void setStacked(boolean)
androidx.vectordrawable.graphics.drawable.VectorDrawableCompat$VGroup: void setTranslateX(float)
android.support.v4.app.RemoteActionCompatParcelizer: RemoteActionCompatParcelizer()
androidx.appcompat.widget.AppCompatTextViewAutoSizeHelper$Impl23: AppCompatTextViewAutoSizeHelper$Impl23()
androidx.core.app.RemoteInput$Api26Impl: android.app.RemoteInput$Builder setAllowDataType(android.app.RemoteInput$Builder,java.lang.String,boolean)
androidx.appcompat.widget.AppCompatAutoCompleteTextView: android.content.res.ColorStateList getSupportBackgroundTintList()
androidx.core.view.ViewConfigurationCompat$Api34Impl: int getScaledMaximumFlingVelocity(android.view.ViewConfiguration,int,int,int)
androidx.core.graphics.drawable.IconCompat$Api26Impl: android.graphics.drawable.Drawable createAdaptiveIconDrawable(android.graphics.drawable.Drawable,android.graphics.drawable.Drawable)
androidx.core.app.NotificationManagerCompat$Api26Impl: void deleteNotificationChannelGroup(android.app.NotificationManager,java.lang.String)
androidx.appcompat.widget.AppCompatImageView: void setImageURI(android.net.Uri)
androidx.core.app.RemoteActionCompatParcelizer: void write(androidx.core.app.RemoteActionCompat,androidx.versionedparcelable.VersionedParcel)
androidx.profileinstaller.ProfileInstallReceiver: ProfileInstallReceiver()
androidx.core.view.accessibility.AccessibilityNodeInfoCompat$Api34Impl: void setAccessibilityDataSensitive(android.view.accessibility.AccessibilityNodeInfo,boolean)
androidx.core.widget.PopupWindowCompat$Api23Impl: boolean getOverlapAnchor(android.widget.PopupWindow)
androidx.core.view.WindowInsetsCompat$Impl: androidx.core.view.WindowInsetsCompat consumeSystemWindowInsets()
androidx.appcompat.widget.AppCompatTextView: android.view.textclassifier.TextClassifier getTextClassifier()
androidx.core.view.accessibility.AccessibilityNodeInfoCompat$Api30Impl: java.lang.CharSequence getStateDescription(android.view.accessibility.AccessibilityNodeInfo)
androidx.core.app.NotificationCompatBuilder$Api20Impl: android.app.Notification$Builder setGroupSummary(android.app.Notification$Builder,boolean)
com.google.android.gms.common.api.GoogleApiActivity: GoogleApiActivity()