snapit-android/app/build/outputs/mapping/release/mapping.txt
# compiler: R8
# compiler_version: 8.9.32
# min_api: 21
# common_typos_disable
# {"id":"com.android.tools.r8.mapping","version":"2.2"}
# pg_map_id: 8d4e797
# pg_map_hash: SHA-256 8d4e797253c89c6af80c17bdf2c459df3711f13b1d2beea33de1933d8cc61372
com.snapit.grocery.Application -> com.snapit.grocery.Application:
# {"id":"sourceFile","fileName":"Application.java"}
    1:4:void <init>():20:20 -> <init>
com.snapit.grocery.DelegationService -> com.snapit.grocery.DelegationService:
# {"id":"sourceFile","fileName":"DelegationService.java"}
    android.app.NotificationManager androidx.browser.trusted.TrustedWebActivityService.mNotificationManager -> a
    int androidx.browser.trusted.TrustedWebActivityService.mVerifiedUid -> b
    android.support.customtabs.trusted.ITrustedWebActivityService$Stub androidx.browser.trusted.TrustedWebActivityService.mBinder -> c
      # {"id":"com.android.tools.r8.residualsignature","signature":"Lm/i;"}
    java.util.List com.google.androidbrowserhelper.trusted.DelegationService.mExtraCommandHandlers -> d
      # {"id":"com.android.tools.r8.residualsignature","signature":"Ljava/util/ArrayList;"}
    com.google.androidbrowserhelper.trusted.SharedPreferencesTokenStore com.google.androidbrowserhelper.trusted.DelegationService.mTokenStore -> e
      # {"id":"com.android.tools.r8.residualsignature","signature":"Landroidx/emoji2/text/k;"}
    1:4:void androidx.browser.trusted.TrustedWebActivityService.<init>():97:97 -> <init>
    1:4:void com.google.androidbrowserhelper.trusted.DelegationService.<init>():40 -> <init>
    1:4:void <init>():7 -> <init>
    5:6:void androidx.browser.trusted.TrustedWebActivityService.<init>():127:127 -> <init>
    5:6:void com.google.androidbrowserhelper.trusted.DelegationService.<init>():40 -> <init>
    5:6:void <init>():7 -> <init>
com.snapit.grocery.LauncherActivity -> com.snapit.grocery.LauncherActivity:
# {"id":"sourceFile","fileName":"LauncherActivity.java"}
    com.google.androidbrowserhelper.trusted.LauncherActivityMetadata com.google.androidbrowserhelper.trusted.LauncherActivity.mMetadata -> a
      # {"id":"com.android.tools.r8.residualsignature","signature":"Lo0/c;"}
    boolean com.google.androidbrowserhelper.trusted.LauncherActivity.mBrowserWasLaunched -> b
    com.google.androidbrowserhelper.trusted.splashscreens.PwaWrapperSplashScreenStrategy com.google.androidbrowserhelper.trusted.LauncherActivity.mSplashScreenStrategy -> c
      # {"id":"com.android.tools.r8.residualsignature","signature":"Lp0/b;"}
    com.google.androidbrowserhelper.trusted.TwaLauncher com.google.androidbrowserhelper.trusted.LauncherActivity.mTwaLauncher -> d
      # {"id":"com.android.tools.r8.residualsignature","signature":"Lo0/m;"}
    long com.google.androidbrowserhelper.trusted.LauncherActivity.mStartupUptimeMillis -> e
    boolean com.google.androidbrowserhelper.trusted.LauncherActivity.sChromeVersionChecked -> f
    int com.google.androidbrowserhelper.trusted.LauncherActivity.sLauncherActivitiesAlive -> g
    1:4:void com.google.androidbrowserhelper.trusted.LauncherActivity.<init>():105:105 -> <init>
    1:4:void <init>():25 -> <init>
    6:8:void com.google.androidbrowserhelper.trusted.LauncherActivity.onCreate(android.os.Bundle):133:133 -> a
...
com.google.android.gms.common.api.Scope -> com.google.android.gms.common.api.Scope:
# {"id":"sourceFile","fileName":"com.google.android.gms:play-services-basement@@18.1.0"}
    int zza -> a
    java.lang.String zzb -> b
    4:6:void com.google.android.gms.common.api.zza.<init>():0:0 -> <clinit>
    4:6:void <clinit>():0 -> <clinit>
    7:9:void <clinit>():0:0 -> <clinit>
    1:3:void com.google.android.gms.common.internal.safeparcel.AbstractSafeParcelable.<init>():0:0 -> <init>
    1:3:void <init>(int,java.lang.String):1 -> <init>
    4:9:java.lang.String com.google.android.gms.common.internal.Preconditions.checkNotEmpty(java.lang.String,java.lang.Object):3:3 -> <init>
    4:9:void <init>(int,java.lang.String):1 -> <init>
    10:14:void <init>(int,java.lang.String):1:1 -> <init>
    15:16:java.lang.String com.google.android.gms.common.internal.Preconditions.checkNotEmpty(java.lang.String,java.lang.Object):3:3 -> <init>
    15:16:void <init>(int,java.lang.String):1 -> <init>
    17:22:java.lang.String com.google.android.gms.common.internal.Preconditions.checkNotEmpty(java.lang.String,java.lang.Object):4:4 -> <init>
    17:22:void <init>(int,java.lang.String):1 -> <init>
    5:10:boolean equals(java.lang.Object):1:1 -> equals
    11:21:boolean equals(java.lang.Object):2:2 -> equals
    1:7:int hashCode():1:1 -> hashCode
    3:8:int com.google.android.gms.common.internal.safeparcel.SafeParcelWriter.beginObjectHeader(android.os.Parcel):1:1 -> writeToParcel
com.google.android.gms.common.api.Status -> com.google.android.gms.common.api.Status:
# {"id":"sourceFile","fileName":"com.google.android.gms:play-services-basement@@18.1.0"}
    int zzb -> a
    int zzc -> b
    java.lang.String zzd -> c
    android.app.PendingIntent zze -> d
    com.google.android.gms.common.ConnectionResult zzf -> e
      # {"id":"com.android.tools.r8.residualsignature","signature":"LU/a;"}
    4:6:void com.google.android.gms.common.api.zzb.<init>():0:0 -> <clinit>
    4:6:void <clinit>():0 -> <clinit>
    7:9:void <clinit>():0:0 -> <clinit>
    1:1:void com.google.android.gms.common.internal.safeparcel.AbstractSafeParcelable.<init>():0:0 -> <init>
    1:1:void <init>(int,int,java.lang.String,android.app.PendingIntent,com.google.android.gms.common.ConnectionResult):0 -> <init>
      # {"id":"com.android.tools.r8.residualsignature","signature":"(IILjava/lang/String;Landroid/app/PendingIntent;LU/a;)V"}
    2:2:void <init>(int,int,java.lang.String,android.app.PendingIntent,com.google.android.gms.common.ConnectionResult):0:0 -> <init>
    3:3:void <init>(int,java.lang.String):2:2 -> <init>
    1:6:boolean equals(java.lang.Object):1:1 -> equals
    7:8:boolean equals(java.lang.Object):2:2 -> equals
    9:24:boolean equals(java.lang.Object):3:3 -> equals
    25:34:boolean equals(java.lang.Object):4:4 -> equals
    35:44:boolean equals(java.lang.Object):5:5 -> equals
    45:53:boolean equals(java.lang.Object):6:6 -> equals
    1:36:int hashCode():1:1 -> hashCode
com.google.android.gms.common.api.UnsupportedApiCallException -> V.k:
# {"id":"sourceFile","fileName":"com.google.android.gms:play-services-basement@@18.1.0"}
    com.google.android.gms.common.Feature zza -> a
      # {"id":"com.android.tools.r8.residualsignature","signature":"LU/c;"}
    1:6:void <init>(com.google.android.gms.common.Feature):1:1 -> <init>
      # {"id":"com.android.tools.r8.residualsignature","signature":"(LU/c;)V"}
    1:13:java.lang.String getMessage():1:1 -> getMessage
com.google.android.gms.common.api.internal.ApiExceptionMapper -> W.a:
# {"id":"sourceFile","fileName":"com.google.android.gms:play-services-base@@18.1.0"}