snapit-android/app/build/outputs/mapping/release/usage.txt
com.snapit.grocery.R$bool
com.snapit.grocery.R$color
com.snapit.grocery.R$drawable
com.snapit.grocery.R$integer
com.snapit.grocery.R$layout
com.snapit.grocery.R$mipmap
com.snapit.grocery.R$string
com.snapit.grocery.R$style
com.snapit.grocery.R$xml
com.snapit.grocery.R
com.snapit.grocery.DelegationService:
    public final com.google.androidbrowserhelper.trusted.SharedPreferencesTokenStore getTokenStore()
    public final android.os.Bundle onExtraCommand()
    public final void registerExtraCommandHandler(com.google.androidbrowserhelper.trusted.ExtraCommandHandler)
com.snapit.grocery.LauncherActivity:
    public static com.google.androidbrowserhelper.trusted.TwaLauncher createTwaLauncher()
    public static int getColorCompat()
    public static androidx.browser.customtabs.CustomTabsCallback getCustomTabsCallback()
    public static androidx.browser.trusted.TrustedWebActivityDisplayMode getDisplayMode()
    public static com.google.androidbrowserhelper.trusted.TwaLauncher$FallbackStrategy getFallbackStrategy()
    public static android.net.Uri getLaunchingUrl()
    public static android.net.Uri getLaunchingUrl$com$google$androidbrowserhelper$trusted$LauncherActivity()
    public static java.util.Map getProtocolHandlers()
    public static android.widget.ImageView$ScaleType getSplashImageScaleType()
    public static android.graphics.Matrix getSplashImageTransformationMatrix()
    public static void launchTwa()
    public static boolean shouldLaunchImmediately()
...
kotlinx.coroutines.flow.FlowKt__EmittersKt$transform$1
kotlinx.coroutines.flow.FlowKt__EmittersKt$unsafeTransform$$inlined$unsafeFlow$1$1
kotlinx.coroutines.flow.FlowKt__EmittersKt$unsafeTransform$$inlined$unsafeFlow$1
kotlinx.coroutines.flow.FlowKt__EmittersKt$unsafeTransform$1$1$emit$1
kotlinx.coroutines.flow.FlowKt__EmittersKt$unsafeTransform$1$1
kotlinx.coroutines.flow.FlowKt__EmittersKt
kotlinx.coroutines.flow.FlowKt__ErrorsKt$catch$$inlined$unsafeFlow$1$1
kotlinx.coroutines.flow.FlowKt__ErrorsKt$catch$$inlined$unsafeFlow$1
kotlinx.coroutines.flow.FlowKt__ErrorsKt$catchImpl$1
kotlinx.coroutines.flow.FlowKt__ErrorsKt$catchImpl$2$emit$1
kotlinx.coroutines.flow.FlowKt__ErrorsKt$catchImpl$2
kotlinx.coroutines.flow.FlowKt__ErrorsKt$retry$1
kotlinx.coroutines.flow.FlowKt__ErrorsKt$retry$3
kotlinx.coroutines.flow.FlowKt__ErrorsKt$retryWhen$$inlined$unsafeFlow$1$1
kotlinx.coroutines.flow.FlowKt__ErrorsKt$retryWhen$$inlined$unsafeFlow$1
kotlinx.coroutines.flow.FlowKt__ErrorsKt
kotlinx.coroutines.flow.FlowKt__LimitKt$collectWhile$1
kotlinx.coroutines.flow.FlowKt__LimitKt$collectWhile$collector$1$emit$1
kotlinx.coroutines.flow.FlowKt__LimitKt$collectWhile$collector$1
kotlinx.coroutines.flow.FlowKt__LimitKt$drop$$inlined$unsafeFlow$1
kotlinx.coroutines.flow.FlowKt__LimitKt$drop$2$1$emit$1
kotlinx.coroutines.flow.FlowKt__LimitKt$drop$2$1
kotlinx.coroutines.flow.FlowKt__LimitKt$dropWhile$$inlined$unsafeFlow$1
kotlinx.coroutines.flow.FlowKt__LimitKt$dropWhile$1$1$emit$1
kotlinx.coroutines.flow.FlowKt__LimitKt$dropWhile$1$1
kotlinx.coroutines.flow.FlowKt__LimitKt$emitAbort$1
kotlinx.coroutines.flow.FlowKt__LimitKt$take$$inlined$unsafeFlow$1$1
kotlinx.coroutines.flow.FlowKt__LimitKt$take$$inlined$unsafeFlow$1
kotlinx.coroutines.flow.FlowKt__LimitKt$take$2$1$emit$1
kotlinx.coroutines.flow.FlowKt__LimitKt$take$2$1
kotlinx.coroutines.flow.FlowKt__LimitKt$takeWhile$$inlined$unsafeFlow$1$1
kotlinx.coroutines.flow.FlowKt__LimitKt$takeWhile$$inlined$unsafeFlow$1
kotlinx.coroutines.flow.FlowKt__LimitKt$takeWhile$lambda$6$$inlined$collectWhile$1$1
kotlinx.coroutines.flow.FlowKt__LimitKt$takeWhile$lambda$6$$inlined$collectWhile$1
kotlinx.coroutines.flow.FlowKt__LimitKt$transformWhile$1$invokeSuspend$$inlined$collectWhile$1$1
kotlinx.coroutines.flow.FlowKt__LimitKt$transformWhile$1$invokeSuspend$$inlined$collectWhile$1
kotlinx.coroutines.flow.FlowKt__LimitKt$transformWhile$1
kotlinx.coroutines.flow.FlowKt__LimitKt
kotlinx.coroutines.flow.FlowKt__MergeKt$flatMapConcat$$inlined$map$1$2$1
kotlinx.coroutines.flow.FlowKt__MergeKt$flatMapConcat$$inlined$map$1$2
kotlinx.coroutines.flow.FlowKt__MergeKt$flatMapConcat$$inlined$map$1
kotlinx.coroutines.flow.FlowKt__MergeKt$flatMapLatest$1
kotlinx.coroutines.flow.FlowKt__MergeKt$flatMapMerge$$inlined$map$1$2$1
kotlinx.coroutines.flow.FlowKt__MergeKt$flatMapMerge$$inlined$map$1$2
kotlinx.coroutines.flow.FlowKt__MergeKt$flatMapMerge$$inlined$map$1
kotlinx.coroutines.flow.FlowKt__MergeKt$flattenConcat$$inlined$unsafeFlow$1
kotlinx.coroutines.flow.FlowKt__MergeKt$flattenConcat$1$1$emit$1
kotlinx.coroutines.flow.FlowKt__MergeKt$flattenConcat$1$1
kotlinx.coroutines.flow.FlowKt__MergeKt$mapLatest$1
kotlinx.coroutines.flow.FlowKt__MergeKt
kotlinx.coroutines.flow.FlowKt__MigrationKt$delayEach$1
kotlinx.coroutines.flow.FlowKt__MigrationKt$delayFlow$1
kotlinx.coroutines.flow.FlowKt__MigrationKt$onErrorReturn$1
kotlinx.coroutines.flow.FlowKt__MigrationKt$onErrorReturn$2
kotlinx.coroutines.flow.FlowKt__MigrationKt$switchMap$$inlined$flatMapLatest$1
kotlinx.coroutines.flow.FlowKt__MigrationKt
kotlinx.coroutines.flow.FlowKt__ReduceKt$first$$inlined$collectWhile$1
kotlinx.coroutines.flow.FlowKt__ReduceKt$first$$inlined$collectWhile$2$1
kotlinx.coroutines.flow.FlowKt__ReduceKt$first$$inlined$collectWhile$2
kotlinx.coroutines.flow.FlowKt__ReduceKt$first$1
kotlinx.coroutines.flow.FlowKt__ReduceKt$first$3
kotlinx.coroutines.flow.FlowKt__ReduceKt$firstOrNull$$inlined$collectWhile$1